# JRE version: OpenJDK Runtime Environment (11.0.10) (build 11.0.10+0-b96-7249189)
# Java VM: OpenJDK 64-Bit Server VM (11.0.10+0-b96-7249189, mixed mode, tiered, compressed oops, g1 gc, windows-amd64)
Heap:
 garbage-first heap   total 425984K, used 207344K [0x0000000080000000, 0x0000000100000000)
  region size 1024K, 27 young (27648K), 15 survivors (15360K)
 Metaspace       used 215170K, capacity 220654K, committed 223232K, reserved 1243136K
  class space    used 25412K, capacity 27217K, committed 29696K, reserved 1048576K
GC Heap History (20 events):
Event: 14974.210 GC heap before
{Heap before GC invocations=266 (full 0):
 garbage-first heap   total 425984K, used 261120K [0x0000000080000000, 0x0000000100000000)
  region size 1024K, 93 young (95232K), 3 survivors (3072K)
 Metaspace       used 201202K, capacity 206403K, committed 210688K, reserved 1230848K
  class space    used 23887K, capacity 25642K, committed 29696K, reserved 1048576K
}
Event: 14974.234 GC heap after
{Heap after GC invocations=267 (full 0):
 garbage-first heap   total 425984K, used 187392K [0x0000000080000000, 0x0000000100000000)
  region size 1024K, 12 young (12288K), 12 survivors (12288K)
 Metaspace       used 201202K, capacity 206403K, committed 210688K, reserved 1230848K
  class space    used 23887K, capacity 25642K, committed 29696K, reserved 1048576K
}
Event: 15237.343 GC heap before
{Heap before GC invocations=268 (full 0):
 garbage-first heap   total 425984K, used 279552K [0x0000000080000000, 0x0000000100000000)
  region size 1024K, 102 young (104448K), 12 survivors (12288K)
 Metaspace       used 201271K, capacity 206554K, committed 210688K, reserved 1230848K
  class space    used 23891K, capacity 25646K, committed 29696K, reserved 1048576K
}
Event: 15237.363 GC heap after
{Heap after GC invocations=269 (full 0):
 garbage-first heap   total 425984K, used 180763K [0x0000000080000000, 0x0000000100000000)
  region size 1024K, 13 young (13312K), 13 survivors (13312K)
 Metaspace       used 201271K, capacity 206554K, committed 210688K, reserved 1230848K
  class space    used 23891K, capacity 25646K, committed 29696K, reserved 1048576K
}
Event: 15237.401 GC heap before
{Heap before GC invocations=269 (full 0):
 garbage-first heap   total 425984K, used 187931K [0x0000000080000000, 0x0000000100000000)
  region size 1024K, 20 young (20480K), 13 survivors (13312K)
 Metaspace       used 201271K, capacity 206554K, committed 210688K, reserved 1230848K
  class space    used 23891K, capacity 25646K, committed 29696K, reserved 1048576K
}
Event: 15237.429 GC heap after
{Heap after GC invocations=270 (full 0):
 garbage-first heap   total 425984K, used 161574K [0x0000000080000000, 0x0000000100000000)
  region size 1024K, 3 young (3072K), 3 survivors (3072K)
 Metaspace       used 201271K, capacity 206554K, committed 210688K, reserved 1230848K
  class space    used 23891K, capacity 25646K, committed 29696K, reserved 1048576K
}
Event: 15237.735 GC heap before
{Heap before GC invocations=270 (full 0):
 garbage-first heap   total 425984K, used 213798K [0x0000000080000000, 0x0000000100000000)
  region size 1024K, 56 young (57344K), 3 survivors (3072K)
 Metaspace       used 203900K, capacity 209181K, committed 212992K, reserved 1232896K
  class space    used 24164K, capacity 25947K, committed 29696K, reserved 1048576K
}
Event: 15237.760 GC heap after
{Heap after GC invocations=271 (full 0):
 garbage-first heap   total 425984K, used 192454K [0x0000000080000000, 0x0000000100000000)
  region size 1024K, 14 young (14336K), 14 survivors (14336K)
 Metaspace       used 203900K, capacity 209181K, committed 212992K, reserved 1232896K
  class space    used 24164K, capacity 25947K, committed 29696K, reserved 1048576K
}
Event: 15238.533 GC heap before
{Heap before GC invocations=272 (full 0):
 garbage-first heap   total 425984K, used 266182K [0x0000000080000000, 0x0000000100000000)
  region size 1024K, 102 young (104448K), 14 survivors (14336K)
 Metaspace       used 210115K, capacity 215436K, committed 218624K, reserved 1239040K
  class space    used 24878K, capacity 26655K, committed 29696K, reserved 1048576K
}
Event: 15238.562 GC heap after
{Heap after GC invocations=273 (full 0):
 garbage-first heap   total 425984K, used 199535K [0x0000000080000000, 0x0000000100000000)
  region size 1024K, 13 young (13312K), 13 survivors (13312K)
 Metaspace       used 210115K, capacity 215436K, committed 218624K, reserved 1239040K
  class space    used 24878K, capacity 26655K, committed 29696K, reserved 1048576K
}
Event: 15238.577 GC heap before
{Heap before GC invocations=273 (full 0):
 garbage-first heap   total 425984K, used 206703K [0x0000000080000000, 0x0000000100000000)
  region size 1024K, 20 young (20480K), 13 survivors (13312K)
 Metaspace       used 210115K, capacity 215436K, committed 218624K, reserved 1239040K
  class space    used 24878K, capacity 26655K, committed 29696K, reserved 1048576K
}
Event: 15238.605 GC heap after
{Heap after GC invocations=274 (full 0):
 garbage-first heap   total 425984K, used 182784K [0x0000000080000000, 0x0000000100000000)
  region size 1024K, 3 young (3072K), 3 survivors (3072K)
 Metaspace       used 210115K, capacity 215436K, committed 218624K, reserved 1239040K
  class space    used 24878K, capacity 26655K, committed 29696K, reserved 1048576K
}
Event: 15239.131 GC heap before
{Heap before GC invocations=274 (full 0):
 garbage-first heap   total 425984K, used 276992K [0x0000000080000000, 0x0000000100000000)
  region size 1024K, 96 young (98304K), 3 survivors (3072K)
 Metaspace       used 210192K, capacity 215631K, committed 218880K, reserved 1239040K
  class space    used 24878K, capacity 26655K, committed 29696K, reserved 1048576K
}
Event: 15239.144 GC heap after
{Heap after GC invocations=275 (full 0):
 garbage-first heap   total 425984K, used 189050K [0x0000000080000000, 0x0000000100000000)
  region size 1024K, 10 young (10240K), 10 survivors (10240K)
 Metaspace       used 210192K, capacity 215631K, committed 218880K, reserved 1239040K
  class space    used 24878K, capacity 26655K, committed 29696K, reserved 1048576K
}
Event: 16299.651 GC heap before
{Heap before GC invocations=276 (full 0):
 garbage-first heap   total 425984K, used 283258K [0x0000000080000000, 0x0000000100000000)
  region size 1024K, 107 young (109568K), 10 survivors (10240K)
 Metaspace       used 210248K, capacity 215717K, committed 218880K, reserved 1239040K
  class space    used 24881K, capacity 26659K, committed 29696K, reserved 1048576K
}
Event: 16299.671 GC heap after
{Heap after GC invocations=277 (full 0):
 garbage-first heap   total 425984K, used 180366K [0x0000000080000000, 0x0000000100000000)
  region size 1024K, 14 young (14336K), 14 survivors (14336K)
 Metaspace       used 210248K, capacity 215717K, committed 218880K, reserved 1239040K
  class space    used 24881K, capacity 26659K, committed 29696K, reserved 1048576K
}
Event: 16299.833 GC heap before
{Heap before GC invocations=277 (full 0):
 garbage-first heap   total 425984K, used 186510K [0x0000000080000000, 0x0000000100000000)
  region size 1024K, 20 young (20480K), 14 survivors (14336K)
 Metaspace       used 210466K, capacity 215945K, committed 219136K, reserved 1239040K
  class space    used 24902K, capacity 26695K, committed 29696K, reserved 1048576K
}
Event: 16299.862 GC heap after
{Heap after GC invocations=278 (full 0):
 garbage-first heap   total 425984K, used 165052K [0x0000000080000000, 0x0000000100000000)
  region size 1024K, 3 young (3072K), 3 survivors (3072K)
 Metaspace       used 210466K, capacity 215945K, committed 219136K, reserved 1239040K
  class space    used 24902K, capacity 26695K, committed 29696K, reserved 1048576K
}
Event: 16300.173 GC heap before
{Heap before GC invocations=278 (full 0):
 garbage-first heap   total 425984K, used 216252K [0x0000000080000000, 0x0000000100000000)
  region size 1024K, 54 young (55296K), 3 survivors (3072K)
 Metaspace       used 212882K, capacity 218344K, committed 221184K, reserved 1241088K
  class space    used 25155K, capacity 26960K, committed 29696K, reserved 1048576K
}
Event: 16300.197 GC heap after
{Heap after GC invocations=279 (full 0):
 garbage-first heap   total 425984K, used 195056K [0x0000000080000000, 0x0000000100000000)
  region size 1024K, 15 young (15360K), 15 survivors (15360K)
 Metaspace       used 212882K, capacity 218344K, committed 221184K, reserved 1241088K
  class space    used 25155K, capacity 26960K, committed 29696K, reserved 1048576K
}

